TN:
SF:src\functions\findProduct\handler.ts
FN:8,findProduct
FNF:1
FNH:1
FNDA:1,findProduct
DA:1,1
DA:2,1
DA:3,1
DA:4,1
DA:5,1
DA:6,1
DA:7,1
DA:8,1
DA:9,1
DA:10,1
DA:11,1
DA:12,1
DA:13,1
DA:14,1
DA:15,1
DA:16,1
DA:17,1
DA:18,0
DA:19,0
DA:20,0
DA:21,1
DA:22,0
DA:23,0
DA:24,1
DA:25,1
DA:26,1
DA:27,1
LF:27
LH:22
BRDA:8,0,0,1
BRDA:17,1,0,0
BRDA:21,2,0,0
BRF:3
BRH:1
end_of_record
TN:
SF:src\libs\api-gateway.ts
FN:7,formatJSONResponse
FN:13,defaultResponse
FNF:2
FNH:1
FNDA:0,formatJSONResponse
FNDA:1,defaultResponse
DA:1,1
DA:2,1
DA:3,1
DA:4,1
DA:5,1
DA:6,1
DA:7,1
DA:8,0
DA:9,0
DA:10,0
DA:11,0
DA:12,0
DA:13,1
DA:14,1
DA:15,1
DA:16,1
DA:17,1
DA:18,1
LF:18
LH:13
BRDA:13,0,0,1
BRF:1
BRH:1
end_of_record
TN:
SF:src\libs\lambda.ts
FN:4,middyfy
FNF:1
FNH:0
FNDA:0,middyfy
DA:1,1
DA:2,1
DA:3,1
DA:4,1
DA:5,0
DA:6,0
LF:6
LH:4
BRF:0
BRH:0
end_of_record
